<?xml version="1.0" encoding="UTF-8"?>
<!-- Generated by org.testng.reporters.JUnitXMLReporter -->
<testsuite ignored="4" hostname="DESKTOP-KFJASB6" failures="0" tests="1" name="Default test" time="3.633" errors="0" timestamp="2024-02-20T22:53:35 EST">
  <testcase classname="com.SalesForceApp.Automationtests.AutomationScripts" name="Login_4b" time="1.044"/>
  <testcase classname="com.SalesForceApp.Automationtests.AutomationScripts" name="Login_1" time="0.0">
    <ignored/>
  </testcase> <!-- Login_1 -->
  <testcase classname="com.SalesForceApp.Automationtests.AutomationScripts" name="Login_4a" time="0.0">
    <ignored/>
  </testcase> <!-- Login_4a -->
  <testcase classname="com.SalesForceApp.Automationtests.AutomationScripts" name="Login_2" time="0.0">
    <ignored/>
  </testcase> <!-- Login_2 -->
  <testcase classname="com.SalesForceApp.Automationtests.AutomationScripts" name="Login_3" time="0.0">
    <ignored/>
  </testcase> <!-- Login_3 -->
</testsuite> <!-- Default test -->
