<?xml version="1.0" encoding="UTF-8"?>
<testng-results ignored="0" total="1" passed="1" failed="0" skipped="0">
  <reporter-output>
  </reporter-output>
  <suite started-at="2024-02-20T22:53:32 EST" name="Default suite" finished-at="2024-02-20T22:53:35 EST" duration-ms="3633">
    <groups>
    </groups>
    <test started-at="2024-02-20T22:53:32 EST" name="Default test" finished-at="2024-02-20T22:53:35 EST" duration-ms="3633">
      <class name="com.SalesForceApp.Automationtests.AutomationScripts">
        <test-method is-config="true" signature="setUpBeforeMethod(java.lang.String,org.testng.ITestResult)[pri:0, instance:com.SalesForceApp.Automationtests.AutomationScripts@5ddea849]" started-at="2024-02-20T22:53:32 EST" name="setUpBeforeMethod" finished-at="2024-02-20T22:53:34 EST" duration-ms="2268" status="PASS">
          <params>
            <param index="0">
              <value>
                <![CDATA[chrome]]>
              </value>
            </param>
            <param index="1">
              <value>
                <![CDATA[[TestResult name={null} status=CREATED method=AutomationScripts.Login_4b()[pri:0, instance:com.SalesForceApp.Automationtests.AutomationScripts@5ddea849] output={null}]]]>
              </value>
            </param>
          </params>
          <reporter-output>
          </reporter-output>
        </test-method> <!-- setUpBeforeMethod -->
        <test-method signature="Login_4b()[pri:0, instance:com.SalesForceApp.Automationtests.AutomationScripts@5ddea849]" started-at="2024-02-20T22:53:34 EST" name="Login_4b" finished-at="2024-02-20T22:53:35 EST" duration-ms="1044" status="PASS">
          <reporter-output>
          </reporter-output>
        </test-method> <!-- Login_4b -->
        <test-method is-config="true" signature="tearDownAfterTestMethod()[pri:0, instance:com.SalesForceApp.Automationtests.AutomationScripts@5ddea849]" started-at="2024-02-20T22:53:35 EST" name="tearDownAfterTestMethod" finished-at="2024-02-20T22:53:35 EST" duration-ms="127" status="PASS">
          <reporter-output>
          </reporter-output>
        </test-method> <!-- tearDownAfterTestMethod -->
      </class> <!-- com.SalesForceApp.Automationtests.AutomationScripts -->
    </test> <!-- Default test -->
  </suite> <!-- Default suite -->
</testng-results>
